<?xml version="1.0" encoding="UTF-8"?>
<robot generator="Robot 4.0 (Python 3.9.1 on win32)" generated="20210324 21:25:58.401" rpa="false" schemaversion="2">
<suite id="s1" name="Cadastro Cliente" source="C:\projetoRobot\tests\cadastro_cliente.robot">
<test id="s1-t1" name="Novo cliente">
<kw name="Login Session" library="hooks" type="SETUP">
<kw name="Start Session" library="hooks">
<kw name="Open Browser" library="SeleniumLibrary">
<arg>about:blank</arg>
<arg>chrome</arg>
<doc>Opens a new browser instance to the optional ``url``.</doc>
<msg timestamp="20210324 21:25:58.603" level="INFO">Opening browser 'chrome' to base url 'about:blank'.</msg>
<status status="PASS" starttime="20210324 21:25:58.603" endtime="20210324 21:25:59.795"/>
</kw>
<status status="PASS" starttime="20210324 21:25:58.602" endtime="20210324 21:25:59.796"/>
</kw>
<kw name="Go To" library="SeleniumLibrary">
<arg>${BASE_URL}</arg>
<doc>Navigates the current browser window to the provided ``url``.</doc>
<msg timestamp="20210324 21:25:59.797" level="INFO">Opening url 'http://zepalheta-web:3000/'</msg>
<status status="PASS" starttime="20210324 21:25:59.796" endtime="20210324 21:26:01.908"/>
</kw>
<kw name="login" library="LoginPage">
<arg>${adminEmail}</arg>
<arg>${adminPassword}</arg>
<kw name="Input Text" library="SeleniumLibrary">
<arg>${EMAIL_TEXT}</arg>
<arg>${email}</arg>
<doc>Types the given ``text`` into the text field identified by ``locator``.</doc>
<msg timestamp="20210324 21:26:01.909" level="INFO">Typing text 'admin@zepalheta.com.br' into text field 'id:txtEmail'.</msg>
<status status="PASS" starttime="20210324 21:26:01.909" endtime="20210324 21:26:01.986"/>
</kw>
<kw name="Input Text" library="SeleniumLibrary">
<arg>${PASSWORD_TEXT}</arg>
<arg>${senha}</arg>
<doc>Types the given ``text`` into the text field identified by ``locator``.</doc>
<msg timestamp="20210324 21:26:01.986" level="INFO">Typing text 'pwd123' into text field 'css:input[type=password]'.</msg>
<status status="PASS" starttime="20210324 21:26:01.986" endtime="20210324 21:26:02.063"/>
</kw>
<kw name="Click Button" library="SeleniumLibrary">
<arg>${LOGIN_BUTTON}</arg>
<doc>Clicks the button identified by ``locator``.</doc>
<msg timestamp="20210324 21:26:02.064" level="INFO">Clicking button 'css:button[id*=Login]'.</msg>
<status status="PASS" starttime="20210324 21:26:02.063" endtime="20210324 21:26:02.131"/>
</kw>
<status status="PASS" starttime="20210324 21:26:01.908" endtime="20210324 21:26:02.131"/>
</kw>
<status status="PASS" starttime="20210324 21:25:58.602" endtime="20210324 21:26:02.131"/>
</kw>
<kw name="Dado que acesso o formulario de cadastro de Cliente" library="CustomersPage">
<kw name="Wait Until Element Is Visible" library="SeleniumLibrary">
<arg>${CUSTOMERS_LINK}</arg>
<arg>10</arg>
<doc>Waits until the element ``locator`` is visible.</doc>
<status status="PASS" starttime="20210324 21:26:02.133" endtime="20210324 21:26:02.361"/>
</kw>
<kw name="Click Element" library="SeleniumLibrary">
<arg>${CUSTOMERS_LINK}</arg>
<doc>Click the element identified by ``locator``.</doc>
<msg timestamp="20210324 21:26:02.362" level="INFO">Clicking element 'css:a[href*=customers]'.</msg>
<status status="PASS" starttime="20210324 21:26:02.361" endtime="20210324 21:26:02.397"/>
</kw>
<kw name="Wait Until Element Is Visible" library="SeleniumLibrary">
<arg>${REGISTER_BUTTON}</arg>
<arg>10</arg>
<doc>Waits until the element ``locator`` is visible.</doc>
<status status="PASS" starttime="20210324 21:26:02.397" endtime="20210324 21:26:02.422"/>
</kw>
<kw name="Click Element" library="SeleniumLibrary">
<arg>${REGISTER_BUTTON}</arg>
<doc>Click the element identified by ``locator``.</doc>
<msg timestamp="20210324 21:26:02.422" level="INFO">Clicking element 'css:a[href*=register]'.</msg>
<status status="PASS" starttime="20210324 21:26:02.422" endtime="20210324 21:26:02.470"/>
</kw>
<status status="PASS" starttime="20210324 21:26:02.132" endtime="20210324 21:26:02.470"/>
</kw>
<kw name="Quando incluo o cliente:" library="CustomersPage">
<arg>Nome cliente</arg>
<arg>00000000000</arg>
<arg>Endereco</arg>
<arg>11999999999</arg>
<kw name="Delete Customer By Cpf" library="db">
<arg>${cpf}</arg>
<status status="PASS" starttime="20210324 21:26:02.472" endtime="20210324 21:26:02.481"/>
</kw>
<kw name="Input Text" library="SeleniumLibrary">
<arg>${NAME_TEXT}</arg>
<arg>${name}</arg>
<doc>Types the given ``text`` into the text field identified by ``locator``.</doc>
<msg timestamp="20210324 21:26:02.482" level="INFO">Typing text 'Nome cliente' into text field 'id:name'.</msg>
<status status="PASS" starttime="20210324 21:26:02.482" endtime="20210324 21:26:02.549"/>
</kw>
<kw name="Input Text" library="SeleniumLibrary">
<arg>${CPF_TEXT}</arg>
<arg>${cpf}</arg>
<doc>Types the given ``text`` into the text field identified by ``locator``.</doc>
<msg timestamp="20210324 21:26:02.550" level="INFO">Typing text '00000000000' into text field 'id:cpf'.</msg>
<status status="PASS" starttime="20210324 21:26:02.549" endtime="20210324 21:26:02.655"/>
</kw>
<kw name="Input Text" library="SeleniumLibrary">
<arg>${ADDRESS_TEXT}</arg>
<arg>${address}</arg>
<doc>Types the given ``text`` into the text field identified by ``locator``.</doc>
<msg timestamp="20210324 21:26:02.655" level="INFO">Typing text 'Endereco' into text field 'id:address'.</msg>
<status status="PASS" starttime="20210324 21:26:02.655" endtime="20210324 21:26:02.716"/>
</kw>
<kw name="Input Text" library="SeleniumLibrary">
<arg>${PHONE_TEXT}</arg>
<arg>${phone}</arg>
<doc>Types the given ``text`` into the text field identified by ``locator``.</doc>
<msg timestamp="20210324 21:26:02.716" level="INFO">Typing text '11999999999' into text field 'id:phone_number'.</msg>
<status status="PASS" starttime="20210324 21:26:02.716" endtime="20210324 21:26:02.809"/>
</kw>
<kw name="Click Button" library="SeleniumLibrary">
<arg>${SAVE_BUTTON}</arg>
<doc>Clicks the button identified by ``locator``.</doc>
<msg timestamp="20210324 21:26:02.810" level="INFO">Clicking button 'xpath://button[text()='CADASTRAR']'.</msg>
<status status="PASS" starttime="20210324 21:26:02.809" endtime="20210324 21:26:02.869"/>
</kw>
<status status="PASS" starttime="20210324 21:26:02.471" endtime="20210324 21:26:02.869"/>
</kw>
<kw name="Entao devo ver a notificacao:" library="CustomersPage">
<arg>Cliente cadastrado com sucesso!</arg>
<kw name="Wait Until Element Is Visible" library="SeleniumLibrary">
<arg>${SUCCESS_ALERT}</arg>
<arg>15</arg>
<doc>Waits until the element ``locator`` is visible.</doc>
<status status="PASS" starttime="20210324 21:26:02.870" endtime="20210324 21:26:03.103"/>
</kw>
<kw name="Wait Until Element Contains" library="SeleniumLibrary">
<arg>${SUCCESS_ALERT}</arg>
<arg>${message}</arg>
<doc>Waits until the element ``locator`` contains ``text``.</doc>
<status status="PASS" starttime="20210324 21:26:03.103" endtime="20210324 21:26:03.126"/>
</kw>
<status status="PASS" starttime="20210324 21:26:02.870" endtime="20210324 21:26:03.127"/>
</kw>
<kw name="Finish Session" library="hooks" type="TEARDOWN">
<kw name="Close Browser" library="SeleniumLibrary">
<doc>Closes the current browser.</doc>
<status status="PASS" starttime="20210324 21:26:03.128" endtime="20210324 21:26:05.267"/>
</kw>
<status status="PASS" starttime="20210324 21:26:03.127" endtime="20210324 21:26:05.267"/>
</kw>
<status status="PASS" starttime="20210324 21:25:58.601" endtime="20210324 21:26:05.268"/>
</test>
<doc>Cadastro Cliente</doc>
<status status="PASS" starttime="20210324 21:25:58.402" endtime="20210324 21:26:05.269"/>
</suite>
<statistics>
<total>
<stat pass="1" fail="0" skip="0">All Tests</stat>
</total>
<tag>
</tag>
<suite>
<stat pass="1" fail="0" skip="0" id="s1" name="Cadastro Cliente">Cadastro Cliente</stat>
</suite>
</statistics>
<errors>
</errors>
</robot>
