<?xml version="1.0" encoding="UTF-8"?>
<robot generator="Robot 4.0 (Python 3.9.1 on win32)" generated="20210328 00:26:25.695" rpa="false" schemaversion="2">
<suite id="s1" name="Remover Cliente" source="C:\projetoRobot\web\tests\remover_cliente.robot">
<test id="s1-t1" name="Remover cliente">
<kw name="Login Session" library="hooks" type="SETUP">
<kw name="Start Session" library="hooks">
<kw name="Open Browser" library="SeleniumLibrary">
<arg>about:blank</arg>
<arg>chrome</arg>
<doc>Opens a new browser instance to the optional ``url``.</doc>
<msg timestamp="20210328 00:26:25.892" level="INFO">Opening browser 'chrome' to base url 'about:blank'.</msg>
<status status="PASS" starttime="20210328 00:26:25.892" endtime="20210328 00:26:27.007"/>
</kw>
<status status="PASS" starttime="20210328 00:26:25.891" endtime="20210328 00:26:27.007"/>
</kw>
<kw name="Go To" library="SeleniumLibrary">
<arg>${BASE_URL}</arg>
<doc>Navigates the current browser window to the provided ``url``.</doc>
<msg timestamp="20210328 00:26:27.008" level="INFO">Opening url 'http://zepalheta-web:3000/'</msg>
<status status="PASS" starttime="20210328 00:26:27.008" endtime="20210328 00:26:28.631"/>
</kw>
<kw name="login" library="LoginPage">
<arg>${adminEmail}</arg>
<arg>${adminPassword}</arg>
<kw name="Input Text" library="SeleniumLibrary">
<arg>${EMAIL_TEXT}</arg>
<arg>${email}</arg>
<doc>Types the given ``text`` into the text field identified by ``locator``.</doc>
<msg timestamp="20210328 00:26:28.632" level="INFO">Typing text 'admin@zepalheta.com.br' into text field 'id:txtEmail'.</msg>
<status status="PASS" starttime="20210328 00:26:28.632" endtime="20210328 00:26:28.713"/>
</kw>
<kw name="Input Text" library="SeleniumLibrary">
<arg>${PASSWORD_TEXT}</arg>
<arg>${senha}</arg>
<doc>Types the given ``text`` into the text field identified by ``locator``.</doc>
<msg timestamp="20210328 00:26:28.713" level="INFO">Typing text 'pwd123' into text field 'css:input[type=password]'.</msg>
<status status="PASS" starttime="20210328 00:26:28.713" endtime="20210328 00:26:28.791"/>
</kw>
<kw name="Click Button" library="SeleniumLibrary">
<arg>${LOGIN_BUTTON}</arg>
<doc>Clicks the button identified by ``locator``.</doc>
<msg timestamp="20210328 00:26:28.792" level="INFO">Clicking button 'css:button[id*=Login]'.</msg>
<status status="PASS" starttime="20210328 00:26:28.791" endtime="20210328 00:26:28.847"/>
</kw>
<status status="PASS" starttime="20210328 00:26:28.631" endtime="20210328 00:26:28.847"/>
</kw>
<status status="PASS" starttime="20210328 00:26:25.891" endtime="20210328 00:26:28.848"/>
</kw>
<kw name="Dado que acesso possuo um cliente indesejado:" library="CustomersPage">
<arg>Nome cliente</arg>
<arg>00000000000</arg>
<arg>Endereco</arg>
<arg>11999999999</arg>
<kw name="Delete Customer By Cpf" library="db">
<arg>${cpf}</arg>
<status status="PASS" starttime="20210328 00:26:28.849" endtime="20210328 00:26:28.861"/>
</kw>
<kw name="Insert Customer" library="db">
<arg>${name}</arg>
<arg>${cpf}</arg>
<arg>${address}</arg>
<arg>${phone}</arg>
<status status="PASS" starttime="20210328 00:26:28.861" endtime="20210328 00:26:28.876"/>
</kw>
<kw name="Set Test Variable" library="BuiltIn">
<arg>${cpf}</arg>
<doc>Makes a variable available everywhere within the scope of the current test.</doc>
<msg timestamp="20210328 00:26:28.876" level="INFO">${cpf} = 00000000000</msg>
<status status="PASS" starttime="20210328 00:26:28.876" endtime="20210328 00:26:28.876"/>
</kw>
<status status="PASS" starttime="20210328 00:26:28.848" endtime="20210328 00:26:28.876"/>
</kw>
<kw name="E que acesso a lista de clientes" library="CustomersPage">
<kw name="Go To Customers" library="Sidebar">
<kw name="Wait Until Element Is Visible" library="SeleniumLibrary">
<arg>${CUSTOMERS_LINK}</arg>
<arg>10</arg>
<doc>Waits until the element ``locator`` is visible.</doc>
<status status="PASS" starttime="20210328 00:26:28.877" endtime="20210328 00:26:29.102"/>
</kw>
<kw name="Click Element" library="SeleniumLibrary">
<arg>${CUSTOMERS_LINK}</arg>
<doc>Click the element identified by ``locator``.</doc>
<msg timestamp="20210328 00:26:29.102" level="INFO">Clicking element 'css:a[href*=customers]'.</msg>
<status status="PASS" starttime="20210328 00:26:29.102" endtime="20210328 00:26:29.136"/>
</kw>
<status status="PASS" starttime="20210328 00:26:28.877" endtime="20210328 00:26:29.136"/>
</kw>
<status status="PASS" starttime="20210328 00:26:28.877" endtime="20210328 00:26:29.136"/>
</kw>
<kw name="Quando removo esse cliente" library="CustomersPage">
<kw name="Format Cpf" library="db">
<var>${cpf_formatado}</var>
<arg>${cpf}</arg>
<msg timestamp="20210328 00:26:29.137" level="INFO">${cpf_formatado} = 000.000.000-00</msg>
<status status="PASS" starttime="20210328 00:26:29.137" endtime="20210328 00:26:29.137"/>
</kw>
<kw name="Wait Until Element Is Visible" library="SeleniumLibrary">
<arg>xpath://td[text()='${cpf_formatado}']</arg>
<arg>${TIMEOUT}</arg>
<doc>Waits until the element ``locator`` is visible.</doc>
<status status="PASS" starttime="20210328 00:26:29.137" endtime="20210328 00:26:29.570"/>
</kw>
<kw name="Click Element" library="SeleniumLibrary">
<arg>xpath://td[text()='${cpf_formatado}']</arg>
<doc>Click the element identified by ``locator``.</doc>
<msg timestamp="20210328 00:26:29.571" level="INFO">Clicking element 'xpath://td[text()='000.000.000-00']'.</msg>
<status status="PASS" starttime="20210328 00:26:29.571" endtime="20210328 00:26:29.618"/>
</kw>
<kw name="Wait Until Element Is Visible" library="SeleniumLibrary">
<arg>${DELETE_CUSTOMER_BUTTON}</arg>
<arg>${TIMEOUT}</arg>
<doc>Waits until the element ``locator`` is visible.</doc>
<status status="PASS" starttime="20210328 00:26:29.618" endtime="20210328 00:26:29.845"/>
</kw>
<kw name="Click Element" library="SeleniumLibrary">
<arg>${DELETE_CUSTOMER_BUTTON}</arg>
<doc>Click the element identified by ``locator``.</doc>
<msg timestamp="20210328 00:26:29.845" level="INFO">Clicking element 'xpath://button[text()='APAGAR']'.</msg>
<status status="PASS" starttime="20210328 00:26:29.845" endtime="20210328 00:26:29.875"/>
</kw>
<status status="PASS" starttime="20210328 00:26:29.137" endtime="20210328 00:26:29.875"/>
</kw>
<kw name="Entao devo ver a notificacao:" library="CustomersPage">
<arg>Cliente removido com sucesso!</arg>
<kw name="Wait Until Element Is Visible" library="SeleniumLibrary">
<arg>${SUCCESS_ALERT}</arg>
<arg>${TIMEOUT}</arg>
<doc>Waits until the element ``locator`` is visible.</doc>
<status status="PASS" starttime="20210328 00:26:29.876" endtime="20210328 00:26:30.099"/>
</kw>
<kw name="Wait Until Element Contains" library="SeleniumLibrary">
<arg>${SUCCESS_ALERT}</arg>
<arg>${message}</arg>
<doc>Waits until the element ``locator`` contains ``text``.</doc>
<status status="PASS" starttime="20210328 00:26:30.099" endtime="20210328 00:26:30.116"/>
</kw>
<status status="PASS" starttime="20210328 00:26:29.876" endtime="20210328 00:26:30.116"/>
</kw>
<kw name="Finish Session" library="hooks" type="TEARDOWN">
<kw name="Close Browser" library="SeleniumLibrary">
<doc>Closes the current browser.</doc>
<status status="PASS" starttime="20210328 00:26:30.117" endtime="20210328 00:26:32.242"/>
</kw>
<status status="PASS" starttime="20210328 00:26:30.117" endtime="20210328 00:26:32.242"/>
</kw>
<status status="PASS" starttime="20210328 00:26:25.890" endtime="20210328 00:26:32.243"/>
</test>
<doc>Cadastro Cliente</doc>
<status status="PASS" starttime="20210328 00:26:25.697" endtime="20210328 00:26:32.245"/>
</suite>
<statistics>
<total>
<stat pass="1" fail="0" skip="0">All Tests</stat>
</total>
<tag>
</tag>
<suite>
<stat pass="1" fail="0" skip="0" id="s1" name="Remover Cliente">Remover Cliente</stat>
</suite>
</statistics>
<errors>
</errors>
</robot>
