<?xml version="1.0" encoding="UTF-8"?>
<robot generator="Robot 4.0 (Python 3.9.1 on win32)" generated="20210327 00:18:40.064" rpa="false" schemaversion="2">
<suite id="s1" name="Cadastro Cliente" source="C:\projetoRobot\web\tests\cadastro_cliente.robot">
<test id="s1-t1" name="Cliente duplicado">
<kw name="Login Session" library="hooks" type="SETUP">
<kw name="Start Session" library="hooks">
<kw name="Open Browser" library="SeleniumLibrary">
<arg>about:blank</arg>
<arg>chrome</arg>
<doc>Opens a new browser instance to the optional ``url``.</doc>
<msg timestamp="20210327 00:18:40.259" level="INFO">Opening browser 'chrome' to base url 'about:blank'.</msg>
<status status="PASS" starttime="20210327 00:18:40.258" endtime="20210327 00:18:41.397"/>
</kw>
<status status="PASS" starttime="20210327 00:18:40.258" endtime="20210327 00:18:41.397"/>
</kw>
<kw name="Go To" library="SeleniumLibrary">
<arg>${BASE_URL}</arg>
<doc>Navigates the current browser window to the provided ``url``.</doc>
<msg timestamp="20210327 00:18:41.398" level="INFO">Opening url 'http://zepalheta-web:3000/'</msg>
<status status="PASS" starttime="20210327 00:18:41.397" endtime="20210327 00:18:44.754"/>
</kw>
<kw name="login" library="LoginPage">
<arg>${adminEmail}</arg>
<arg>${adminPassword}</arg>
<kw name="Input Text" library="SeleniumLibrary">
<arg>${EMAIL_TEXT}</arg>
<arg>${email}</arg>
<doc>Types the given ``text`` into the text field identified by ``locator``.</doc>
<msg timestamp="20210327 00:18:44.755" level="INFO">Typing text 'admin@zepalheta.com.br' into text field 'id:txtEmail'.</msg>
<status status="PASS" starttime="20210327 00:18:44.755" endtime="20210327 00:18:44.822"/>
</kw>
<kw name="Input Text" library="SeleniumLibrary">
<arg>${PASSWORD_TEXT}</arg>
<arg>${senha}</arg>
<doc>Types the given ``text`` into the text field identified by ``locator``.</doc>
<msg timestamp="20210327 00:18:44.822" level="INFO">Typing text 'pwd123' into text field 'css:input[type=password]'.</msg>
<status status="PASS" starttime="20210327 00:18:44.822" endtime="20210327 00:18:44.887"/>
</kw>
<kw name="Click Button" library="SeleniumLibrary">
<arg>${LOGIN_BUTTON}</arg>
<doc>Clicks the button identified by ``locator``.</doc>
<msg timestamp="20210327 00:18:44.887" level="INFO">Clicking button 'css:button[id*=Login]'.</msg>
<status status="PASS" starttime="20210327 00:18:44.887" endtime="20210327 00:18:44.943"/>
</kw>
<status status="PASS" starttime="20210327 00:18:44.754" endtime="20210327 00:18:44.943"/>
</kw>
<status status="PASS" starttime="20210327 00:18:40.258" endtime="20210327 00:18:44.943"/>
</kw>
<kw name="Dado que acesso o formulario de cadastro de Cliente" library="CustomersPage">
<kw name="Wait Until Element Is Visible" library="SeleniumLibrary">
<arg>${CUSTOMERS_LINK}</arg>
<arg>10</arg>
<doc>Waits until the element ``locator`` is visible.</doc>
<status status="PASS" starttime="20210327 00:18:44.945" endtime="20210327 00:18:45.169"/>
</kw>
<kw name="Click Element" library="SeleniumLibrary">
<arg>${CUSTOMERS_LINK}</arg>
<doc>Click the element identified by ``locator``.</doc>
<msg timestamp="20210327 00:18:45.170" level="INFO">Clicking element 'css:a[href*=customers]'.</msg>
<status status="PASS" starttime="20210327 00:18:45.170" endtime="20210327 00:18:45.203"/>
</kw>
<kw name="Wait Until Element Is Visible" library="SeleniumLibrary">
<arg>${REGISTER_BUTTON}</arg>
<arg>10</arg>
<doc>Waits until the element ``locator`` is visible.</doc>
<status status="PASS" starttime="20210327 00:18:45.203" endtime="20210327 00:18:45.226"/>
</kw>
<kw name="Click Element" library="SeleniumLibrary">
<arg>${REGISTER_BUTTON}</arg>
<doc>Click the element identified by ``locator``.</doc>
<msg timestamp="20210327 00:18:45.226" level="INFO">Clicking element 'css:a[href*=register]'.</msg>
<status status="PASS" starttime="20210327 00:18:45.226" endtime="20210327 00:18:45.263"/>
</kw>
<status status="PASS" starttime="20210327 00:18:44.944" endtime="20210327 00:18:45.263"/>
</kw>
<kw name="E que tenho o seguinte cliente:" library="CustomersPage">
<arg>Nome cliente</arg>
<arg>00000000000</arg>
<arg>Endereco</arg>
<arg>11999999999</arg>
<kw name="Delete Customer By Cpf" library="db">
<arg>${cpf}</arg>
<status status="PASS" starttime="20210327 00:18:45.265" endtime="20210327 00:18:45.279"/>
</kw>
<kw name="Set Test Variable" library="BuiltIn">
<arg>${name}</arg>
<doc>Makes a variable available everywhere within the scope of the current test.</doc>
<msg timestamp="20210327 00:18:45.279" level="INFO">${name} = Nome cliente</msg>
<status status="PASS" starttime="20210327 00:18:45.279" endtime="20210327 00:18:45.280"/>
</kw>
<kw name="Set Test Variable" library="BuiltIn">
<arg>${cpf}</arg>
<doc>Makes a variable available everywhere within the scope of the current test.</doc>
<msg timestamp="20210327 00:18:45.280" level="INFO">${cpf} = 00000000000</msg>
<status status="PASS" starttime="20210327 00:18:45.280" endtime="20210327 00:18:45.280"/>
</kw>
<kw name="Set Test Variable" library="BuiltIn">
<arg>${address}</arg>
<doc>Makes a variable available everywhere within the scope of the current test.</doc>
<msg timestamp="20210327 00:18:45.280" level="INFO">${address} = Endereco</msg>
<status status="PASS" starttime="20210327 00:18:45.280" endtime="20210327 00:18:45.280"/>
</kw>
<kw name="Set Test Variable" library="BuiltIn">
<arg>${phone}</arg>
<doc>Makes a variable available everywhere within the scope of the current test.</doc>
<msg timestamp="20210327 00:18:45.281" level="INFO">${phone} = 11999999999</msg>
<status status="PASS" starttime="20210327 00:18:45.281" endtime="20210327 00:18:45.281"/>
</kw>
<status status="PASS" starttime="20210327 00:18:45.264" endtime="20210327 00:18:45.281"/>
</kw>
<kw name="Mas esse cpf ja exite no sistema" library="CustomersPage">
<kw name="Insert Customer" library="db">
<arg>${name}</arg>
<arg>${cpf}</arg>
<arg>${address}</arg>
<arg>${phone}</arg>
<status status="PASS" starttime="20210327 00:18:45.282" endtime="20210327 00:18:45.299"/>
</kw>
<status status="PASS" starttime="20210327 00:18:45.282" endtime="20210327 00:18:45.300"/>
</kw>
<kw name="Quando incluo o cliente" library="CustomersPage">
<kw name="Input Text" library="SeleniumLibrary">
<arg>${NAME_TEXT}</arg>
<arg>${name}</arg>
<doc>Types the given ``text`` into the text field identified by ``locator``.</doc>
<msg timestamp="20210327 00:18:45.301" level="INFO">Typing text 'Nome cliente' into text field 'id:name'.</msg>
<status status="PASS" starttime="20210327 00:18:45.301" endtime="20210327 00:18:45.358"/>
</kw>
<kw name="Input Text" library="SeleniumLibrary">
<arg>${CPF_TEXT}</arg>
<arg>${cpf}</arg>
<doc>Types the given ``text`` into the text field identified by ``locator``.</doc>
<msg timestamp="20210327 00:18:45.358" level="INFO">Typing text '00000000000' into text field 'id:cpf'.</msg>
<status status="PASS" starttime="20210327 00:18:45.358" endtime="20210327 00:18:45.425"/>
</kw>
<kw name="Input Text" library="SeleniumLibrary">
<arg>${ADDRESS_TEXT}</arg>
<arg>${address}</arg>
<doc>Types the given ``text`` into the text field identified by ``locator``.</doc>
<msg timestamp="20210327 00:18:45.426" level="INFO">Typing text 'Endereco' into text field 'id:address'.</msg>
<status status="PASS" starttime="20210327 00:18:45.425" endtime="20210327 00:18:45.487"/>
</kw>
<kw name="Input Text" library="SeleniumLibrary">
<arg>${PHONE_TEXT}</arg>
<arg>${phone}</arg>
<doc>Types the given ``text`` into the text field identified by ``locator``.</doc>
<msg timestamp="20210327 00:18:45.487" level="INFO">Typing text '11999999999' into text field 'id:phone_number'.</msg>
<status status="PASS" starttime="20210327 00:18:45.487" endtime="20210327 00:18:45.554"/>
</kw>
<kw name="Click Button" library="SeleniumLibrary">
<arg>${SAVE_BUTTON}</arg>
<doc>Clicks the button identified by ``locator``.</doc>
<msg timestamp="20210327 00:18:45.554" level="INFO">Clicking button 'xpath://button[text()='CADASTRAR']'.</msg>
<status status="PASS" starttime="20210327 00:18:45.554" endtime="20210327 00:18:45.602"/>
</kw>
<status status="PASS" starttime="20210327 00:18:45.300" endtime="20210327 00:18:45.603"/>
</kw>
<kw name="Entao devo ver a notificacao de erro:" library="CustomersPage">
<arg>Ocorreu um error na criação de um cliente</arg>
<kw name="Wait Until Element Is Visible" library="SeleniumLibrary">
<arg>${ERROR_ALERT}</arg>
<arg>${TIMEOUT}</arg>
<doc>Waits until the element ``locator`` is visible.</doc>
<status status="PASS" starttime="20210327 00:18:45.604" endtime="20210327 00:18:45.829"/>
</kw>
<kw name="Wait Until Element Contains" library="SeleniumLibrary">
<arg>${ERROR_ALERT}</arg>
<arg>${message}</arg>
<doc>Waits until the element ``locator`` contains ``text``.</doc>
<status status="PASS" starttime="20210327 00:18:45.829" endtime="20210327 00:18:45.844"/>
</kw>
<status status="PASS" starttime="20210327 00:18:45.604" endtime="20210327 00:18:45.844"/>
</kw>
<kw name="Finish Session" library="hooks" type="TEARDOWN">
<kw name="Close Browser" library="SeleniumLibrary">
<doc>Closes the current browser.</doc>
<status status="PASS" starttime="20210327 00:18:45.845" endtime="20210327 00:18:50.066"/>
</kw>
<status status="PASS" starttime="20210327 00:18:45.844" endtime="20210327 00:18:50.066"/>
</kw>
<status status="PASS" starttime="20210327 00:18:40.257" endtime="20210327 00:18:50.067"/>
</test>
<test id="s1-t2" name="Novo cliente">
<kw name="Login Session" library="hooks" type="SETUP">
<kw name="Start Session" library="hooks">
<kw name="Open Browser" library="SeleniumLibrary">
<arg>about:blank</arg>
<arg>chrome</arg>
<doc>Opens a new browser instance to the optional ``url``.</doc>
<msg timestamp="20210327 00:18:50.070" level="INFO">Opening browser 'chrome' to base url 'about:blank'.</msg>
<status status="PASS" starttime="20210327 00:18:50.070" endtime="20210327 00:18:51.173"/>
</kw>
<status status="PASS" starttime="20210327 00:18:50.069" endtime="20210327 00:18:51.173"/>
</kw>
<kw name="Go To" library="SeleniumLibrary">
<arg>${BASE_URL}</arg>
<doc>Navigates the current browser window to the provided ``url``.</doc>
<msg timestamp="20210327 00:18:51.174" level="INFO">Opening url 'http://zepalheta-web:3000/'</msg>
<status status="PASS" starttime="20210327 00:18:51.173" endtime="20210327 00:18:53.107"/>
</kw>
<kw name="login" library="LoginPage">
<arg>${adminEmail}</arg>
<arg>${adminPassword}</arg>
<kw name="Input Text" library="SeleniumLibrary">
<arg>${EMAIL_TEXT}</arg>
<arg>${email}</arg>
<doc>Types the given ``text`` into the text field identified by ``locator``.</doc>
<msg timestamp="20210327 00:18:53.109" level="INFO">Typing text 'admin@zepalheta.com.br' into text field 'id:txtEmail'.</msg>
<status status="PASS" starttime="20210327 00:18:53.108" endtime="20210327 00:18:53.184"/>
</kw>
<kw name="Input Text" library="SeleniumLibrary">
<arg>${PASSWORD_TEXT}</arg>
<arg>${senha}</arg>
<doc>Types the given ``text`` into the text field identified by ``locator``.</doc>
<msg timestamp="20210327 00:18:53.184" level="INFO">Typing text 'pwd123' into text field 'css:input[type=password]'.</msg>
<status status="PASS" starttime="20210327 00:18:53.184" endtime="20210327 00:18:53.248"/>
</kw>
<kw name="Click Button" library="SeleniumLibrary">
<arg>${LOGIN_BUTTON}</arg>
<doc>Clicks the button identified by ``locator``.</doc>
<msg timestamp="20210327 00:18:53.248" level="INFO">Clicking button 'css:button[id*=Login]'.</msg>
<status status="PASS" starttime="20210327 00:18:53.248" endtime="20210327 00:18:53.300"/>
</kw>
<status status="PASS" starttime="20210327 00:18:53.107" endtime="20210327 00:18:53.301"/>
</kw>
<status status="PASS" starttime="20210327 00:18:50.069" endtime="20210327 00:18:53.301"/>
</kw>
<kw name="Dado que acesso o formulario de cadastro de Cliente" library="CustomersPage">
<kw name="Wait Until Element Is Visible" library="SeleniumLibrary">
<arg>${CUSTOMERS_LINK}</arg>
<arg>10</arg>
<doc>Waits until the element ``locator`` is visible.</doc>
<status status="PASS" starttime="20210327 00:18:53.302" endtime="20210327 00:18:53.528"/>
</kw>
<kw name="Click Element" library="SeleniumLibrary">
<arg>${CUSTOMERS_LINK}</arg>
<doc>Click the element identified by ``locator``.</doc>
<msg timestamp="20210327 00:18:53.528" level="INFO">Clicking element 'css:a[href*=customers]'.</msg>
<status status="PASS" starttime="20210327 00:18:53.528" endtime="20210327 00:18:53.561"/>
</kw>
<kw name="Wait Until Element Is Visible" library="SeleniumLibrary">
<arg>${REGISTER_BUTTON}</arg>
<arg>10</arg>
<doc>Waits until the element ``locator`` is visible.</doc>
<status status="PASS" starttime="20210327 00:18:53.561" endtime="20210327 00:18:53.586"/>
</kw>
<kw name="Click Element" library="SeleniumLibrary">
<arg>${REGISTER_BUTTON}</arg>
<doc>Click the element identified by ``locator``.</doc>
<msg timestamp="20210327 00:18:53.586" level="INFO">Clicking element 'css:a[href*=register]'.</msg>
<status status="PASS" starttime="20210327 00:18:53.586" endtime="20210327 00:18:53.627"/>
</kw>
<status status="PASS" starttime="20210327 00:18:53.302" endtime="20210327 00:18:53.628"/>
</kw>
<kw name="E que tenho o seguinte cliente:" library="CustomersPage">
<arg>Nome cliente</arg>
<arg>00000000000</arg>
<arg>Endereco</arg>
<arg>11999999999</arg>
<kw name="Delete Customer By Cpf" library="db">
<arg>${cpf}</arg>
<status status="PASS" starttime="20210327 00:18:53.629" endtime="20210327 00:18:53.637"/>
</kw>
<kw name="Set Test Variable" library="BuiltIn">
<arg>${name}</arg>
<doc>Makes a variable available everywhere within the scope of the current test.</doc>
<msg timestamp="20210327 00:18:53.638" level="INFO">${name} = Nome cliente</msg>
<status status="PASS" starttime="20210327 00:18:53.638" endtime="20210327 00:18:53.638"/>
</kw>
<kw name="Set Test Variable" library="BuiltIn">
<arg>${cpf}</arg>
<doc>Makes a variable available everywhere within the scope of the current test.</doc>
<msg timestamp="20210327 00:18:53.638" level="INFO">${cpf} = 00000000000</msg>
<status status="PASS" starttime="20210327 00:18:53.638" endtime="20210327 00:18:53.638"/>
</kw>
<kw name="Set Test Variable" library="BuiltIn">
<arg>${address}</arg>
<doc>Makes a variable available everywhere within the scope of the current test.</doc>
<msg timestamp="20210327 00:18:53.639" level="INFO">${address} = Endereco</msg>
<status status="PASS" starttime="20210327 00:18:53.638" endtime="20210327 00:18:53.639"/>
</kw>
<kw name="Set Test Variable" library="BuiltIn">
<arg>${phone}</arg>
<doc>Makes a variable available everywhere within the scope of the current test.</doc>
<msg timestamp="20210327 00:18:53.639" level="INFO">${phone} = 11999999999</msg>
<status status="PASS" starttime="20210327 00:18:53.639" endtime="20210327 00:18:53.639"/>
</kw>
<status status="PASS" starttime="20210327 00:18:53.628" endtime="20210327 00:18:53.639"/>
</kw>
<kw name="Quando incluo o cliente" library="CustomersPage">
<kw name="Input Text" library="SeleniumLibrary">
<arg>${NAME_TEXT}</arg>
<arg>${name}</arg>
<doc>Types the given ``text`` into the text field identified by ``locator``.</doc>
<msg timestamp="20210327 00:18:53.640" level="INFO">Typing text 'Nome cliente' into text field 'id:name'.</msg>
<status status="PASS" starttime="20210327 00:18:53.640" endtime="20210327 00:18:53.699"/>
</kw>
<kw name="Input Text" library="SeleniumLibrary">
<arg>${CPF_TEXT}</arg>
<arg>${cpf}</arg>
<doc>Types the given ``text`` into the text field identified by ``locator``.</doc>
<msg timestamp="20210327 00:18:53.699" level="INFO">Typing text '00000000000' into text field 'id:cpf'.</msg>
<status status="PASS" starttime="20210327 00:18:53.699" endtime="20210327 00:18:53.765"/>
</kw>
<kw name="Input Text" library="SeleniumLibrary">
<arg>${ADDRESS_TEXT}</arg>
<arg>${address}</arg>
<doc>Types the given ``text`` into the text field identified by ``locator``.</doc>
<msg timestamp="20210327 00:18:53.765" level="INFO">Typing text 'Endereco' into text field 'id:address'.</msg>
<status status="PASS" starttime="20210327 00:18:53.765" endtime="20210327 00:18:53.827"/>
</kw>
<kw name="Input Text" library="SeleniumLibrary">
<arg>${PHONE_TEXT}</arg>
<arg>${phone}</arg>
<doc>Types the given ``text`` into the text field identified by ``locator``.</doc>
<msg timestamp="20210327 00:18:53.828" level="INFO">Typing text '11999999999' into text field 'id:phone_number'.</msg>
<status status="PASS" starttime="20210327 00:18:53.827" endtime="20210327 00:18:53.895"/>
</kw>
<kw name="Click Button" library="SeleniumLibrary">
<arg>${SAVE_BUTTON}</arg>
<doc>Clicks the button identified by ``locator``.</doc>
<msg timestamp="20210327 00:18:53.896" level="INFO">Clicking button 'xpath://button[text()='CADASTRAR']'.</msg>
<status status="PASS" starttime="20210327 00:18:53.895" endtime="20210327 00:18:53.945"/>
</kw>
<status status="PASS" starttime="20210327 00:18:53.640" endtime="20210327 00:18:53.946"/>
</kw>
<kw name="Entao devo ver a notificacao:" library="CustomersPage">
<arg>Cliente cadastrado com sucesso!</arg>
<kw name="Wait Until Element Is Visible" library="SeleniumLibrary">
<arg>${SUCCESS_ALERT}</arg>
<arg>${TIMEOUT}</arg>
<doc>Waits until the element ``locator`` is visible.</doc>
<status status="PASS" starttime="20210327 00:18:53.947" endtime="20210327 00:18:54.170"/>
</kw>
<kw name="Wait Until Element Contains" library="SeleniumLibrary">
<arg>${SUCCESS_ALERT}</arg>
<arg>${message}</arg>
<doc>Waits until the element ``locator`` contains ``text``.</doc>
<status status="PASS" starttime="20210327 00:18:54.171" endtime="20210327 00:18:54.187"/>
</kw>
<status status="PASS" starttime="20210327 00:18:53.946" endtime="20210327 00:18:54.187"/>
</kw>
<kw name="Finish Session" library="hooks" type="TEARDOWN">
<kw name="Close Browser" library="SeleniumLibrary">
<doc>Closes the current browser.</doc>
<status status="PASS" starttime="20210327 00:18:54.188" endtime="20210327 00:18:56.343"/>
</kw>
<status status="PASS" starttime="20210327 00:18:54.188" endtime="20210327 00:18:56.343"/>
</kw>
<status status="PASS" starttime="20210327 00:18:50.069" endtime="20210327 00:18:56.343"/>
</test>
<doc>Cadastro Cliente</doc>
<status status="PASS" starttime="20210327 00:18:40.065" endtime="20210327 00:18:56.345"/>
</suite>
<statistics>
<total>
<stat pass="2" fail="0" skip="0">All Tests</stat>
</total>
<tag>
</tag>
<suite>
<stat pass="2" fail="0" skip="0" id="s1" name="Cadastro Cliente">Cadastro Cliente</stat>
</suite>
</statistics>
<errors>
</errors>
</robot>
