<?xml version="1.0" encoding="UTF-8"?>
<robot generator="Robot 4.0 (Python 3.9.1 on win32)" generated="20210323 23:41:04.185" rpa="false" schemaversion="2">
<suite id="s1" name="Cadastro Cliente" source="C:\projetoRobot\tests\cadastro_cliente.robot">
<test id="s1-t1" name="Novo cliente">
<kw name="Login Session" library="hooks" type="SETUP">
<kw name="Start Session" library="hooks">
<kw name="Open Browser" library="SeleniumLibrary">
<arg>about:blank</arg>
<arg>chrome</arg>
<doc>Opens a new browser instance to the optional ``url``.</doc>
<msg timestamp="20210323 23:41:04.354" level="INFO">Opening browser 'chrome' to base url 'about:blank'.</msg>
<status status="PASS" starttime="20210323 23:41:04.354" endtime="20210323 23:41:05.473"/>
</kw>
<status status="PASS" starttime="20210323 23:41:04.353" endtime="20210323 23:41:05.473"/>
</kw>
<kw name="Go To" library="SeleniumLibrary">
<arg>http://zepalheta-web:3000/</arg>
<doc>Navigates the current browser window to the provided ``url``.</doc>
<msg timestamp="20210323 23:41:05.474" level="INFO">Opening url 'http://zepalheta-web:3000/'</msg>
<status status="PASS" starttime="20210323 23:41:05.474" endtime="20210323 23:41:07.181"/>
</kw>
<kw name="login" library="LoginPage">
<arg>admin@zepalheta.com.br</arg>
<arg>pwd123</arg>
<kw name="Input Text" library="SeleniumLibrary">
<arg>id:txtEmail</arg>
<arg>${email}</arg>
<doc>Types the given ``text`` into the text field identified by ``locator``.</doc>
<msg timestamp="20210323 23:41:07.181" level="INFO">Typing text 'admin@zepalheta.com.br' into text field 'id:txtEmail'.</msg>
<status status="PASS" starttime="20210323 23:41:07.181" endtime="20210323 23:41:07.257"/>
</kw>
<kw name="Input Text" library="SeleniumLibrary">
<arg>css:input[type=password]</arg>
<arg>${senha}</arg>
<doc>Types the given ``text`` into the text field identified by ``locator``.</doc>
<msg timestamp="20210323 23:41:07.257" level="INFO">Typing text 'pwd123' into text field 'css:input[type=password]'.</msg>
<status status="PASS" starttime="20210323 23:41:07.257" endtime="20210323 23:41:07.336"/>
</kw>
<kw name="Click Button" library="SeleniumLibrary">
<arg>css:button[id*=Login]</arg>
<doc>Clicks the button identified by ``locator``.</doc>
<msg timestamp="20210323 23:41:07.336" level="INFO">Clicking button 'css:button[id*=Login]'.</msg>
<status status="PASS" starttime="20210323 23:41:07.336" endtime="20210323 23:41:07.399"/>
</kw>
<status status="PASS" starttime="20210323 23:41:07.181" endtime="20210323 23:41:07.399"/>
</kw>
<status status="PASS" starttime="20210323 23:41:04.353" endtime="20210323 23:41:07.399"/>
</kw>
<kw name="Dado que acesso o formulario de cadastro de Cliente">
<kw name="Wait Until Element Is Visible" library="SeleniumLibrary">
<arg>css:a[href*=customers]</arg>
<arg>10</arg>
<doc>Waits until the element ``locator`` is visible.</doc>
<status status="PASS" starttime="20210323 23:41:07.400" endtime="20210323 23:41:07.628"/>
</kw>
<kw name="Click Element" library="SeleniumLibrary">
<arg>css:a[href*=customers]</arg>
<doc>Click the element identified by ``locator``.</doc>
<msg timestamp="20210323 23:41:07.628" level="INFO">Clicking element 'css:a[href*=customers]'.</msg>
<status status="PASS" starttime="20210323 23:41:07.628" endtime="20210323 23:41:07.663"/>
</kw>
<kw name="Wait Until Element Is Visible" library="SeleniumLibrary">
<arg>css:a[href*=customers]</arg>
<arg>10</arg>
<doc>Waits until the element ``locator`` is visible.</doc>
<status status="PASS" starttime="20210323 23:41:07.663" endtime="20210323 23:41:07.683"/>
</kw>
<kw name="Click Element" library="SeleniumLibrary">
<arg>css:a[href*=register]</arg>
<doc>Click the element identified by ``locator``.</doc>
<msg timestamp="20210323 23:41:07.684" level="INFO">Clicking element 'css:a[href*=register]'.</msg>
<status status="PASS" starttime="20210323 23:41:07.683" endtime="20210323 23:41:07.724"/>
</kw>
<status status="PASS" starttime="20210323 23:41:07.400" endtime="20210323 23:41:07.725"/>
</kw>
<kw name="Quando incluo o cliente:">
<arg>Nome cliente</arg>
<arg>00000000000</arg>
<arg>Endereco</arg>
<arg>11999999999</arg>
<msg timestamp="20210323 23:41:07.730" level="FAIL">No keyword with name 'Quando incluo o cliente:' found.</msg>
<status status="FAIL" starttime="20210323 23:41:07.730" endtime="20210323 23:41:07.730"/>
</kw>
<kw name="Entao devo ver a notificacao:">
<arg>Cliente cadastrado com sucesso!</arg>
<status status="NOT RUN" starttime="20210323 23:41:07.733" endtime="20210323 23:41:07.733"/>
</kw>
<kw name="Finish Session" library="hooks" type="TEARDOWN">
<kw name="Close Browser" library="SeleniumLibrary">
<doc>Closes the current browser.</doc>
<status status="PASS" starttime="20210323 23:41:07.734" endtime="20210323 23:41:09.850"/>
</kw>
<status status="PASS" starttime="20210323 23:41:07.734" endtime="20210323 23:41:09.850"/>
</kw>
<status status="FAIL" starttime="20210323 23:41:04.353" endtime="20210323 23:41:09.851">No keyword with name 'Quando incluo o cliente:' found.</status>
</test>
<doc>Cadastro Cliente</doc>
<status status="FAIL" starttime="20210323 23:41:04.187" endtime="20210323 23:41:09.852"/>
</suite>
<statistics>
<total>
<stat pass="0" fail="1" skip="0">All Tests</stat>
</total>
<tag>
</tag>
<suite>
<stat pass="0" fail="1" skip="0" id="s1" name="Cadastro Cliente">Cadastro Cliente</stat>
</suite>
</statistics>
<errors>
</errors>
</robot>
